info: GET en / - 29/10/2023
info: GET en /login - 29/10/2023
info: GET en /favicon.ico - 29/10/2023
info: POST en /api/sessions/login - 29/10/2023
info: GET en /products - 29/10/2023
info: POST en /api/carts/64f07abb816596fcedb7a7c0/product/64bf3983e2acf4b1b442b998 - 29/10/2023
info: GET en /cart/64f07abb816596fcedb7a7c0 - 29/10/2023
info: GET en /admin - 29/10/2023
info: DELETE en /api/carts/64f07abb816596fcedb7a7c0/products/653eac30c2d32afd274bdd78 - 29/10/2023
info: GET en /admin - 29/10/2023
info: GET en /admin - 29/10/2023
info: GET en /usuarios - 29/10/2023
info: GET en /addProduct - 29/10/2023
info: GET en /cart/64f07abb816596fcedb7a7c0 - 29/10/2023
info: GET en /products - 29/10/2023
info: GET en /chat - 29/10/2023
info: GET en /profile - 29/10/2023
info: GET en /admin - 29/10/2023
info: GET en /products - 29/10/2023
info: POST en /api/carts/64f07abb816596fcedb7a7c0/product/64bf398de2acf4b1b442b999 - 29/10/2023
info: GET en /admin - 29/10/2023
info: GET en /logout - 29/10/2023
info: GET en /login - 29/10/2023
info: POST en /api/sessions/login - 29/10/2023
info: GET en /products - 29/10/2023
info: GET en /cart/64c8191137a1f8bb429653ed - 29/10/2023
info: GET en /products - 29/10/2023
info: POST en /api/carts/64c8191137a1f8bb429653ed/product/64bf3983e2acf4b1b442b998 - 29/10/2023
info: GET en /cart/64c8191137a1f8bb429653ed - 29/10/2023
info: GET en /products - 29/10/2023
info: GET en /logout - 29/10/2023
info: GET en /login - 29/10/2023
info: POST en /api/sessions/login - 29/10/2023
info: GET en /products - 29/10/2023
info: GET en /cart/64f07abb816596fcedb7a7c0 - 29/10/2023
info: GET en /products - 29/10/2023
info: POST en /api/carts/64f07abb816596fcedb7a7c0/product/64bf398de2acf4b1b442b999 - 29/10/2023
info: GET en /cart/64f07abb816596fcedb7a7c0 - 29/10/2023
info: GET en /admin - 29/10/2023
info: GET en /addProduct - 29/10/2023
info: GET en /products - 29/10/2023
info: GET en /logout - 29/10/2023
info: GET en /login - 29/10/2023
info: POST en /api/sessions/login - 29/10/2023
info: GET en /products - 29/10/2023
info: GET en /cart/64c8191137a1f8bb429653ed - 29/10/2023
info: GET en /chat - 29/10/2023
info: GET en /cart/64c8191137a1f8bb429653ed - 29/10/2023
info: GET en /cart/64c8191137a1f8bb429653ed - 29/10/2023
info: GET en /login - 29/10/2023
info: POST en /api/sessions/login - 29/10/2023
info: GET en /products - 29/10/2023
info: GET en /cart/64c8191137a1f8bb429653ed - 29/10/2023
info: GET en /pago/64c8191137a1f8bb429653ed - 29/10/2023
info: GET en /pago/64c8191137a1f8bb429653ed - 29/10/2023
info: GET en /profile - 29/10/2023
info: GET en /pago/64c8191137a1f8bb429653ed - 29/10/2023
info: GET en /products - 29/10/2023
info: GET en /product/64bf3983e2acf4b1b442b998 - 29/10/2023
info: GET en /products - 29/10/2023
info: POST en /api/carts/64c8191137a1f8bb429653ed/product/64bf3997e2acf4b1b442b99a - 29/10/2023
info: GET en /cart/64c8191137a1f8bb429653ed - 29/10/2023
info: GET en /cart/64c8191137a1f8bb429653ed - 29/10/2023
info: GET en /products - 29/10/2023
info: GET en /cart/64c8191137a1f8bb429653ed - 29/10/2023
info: GET en /cart/64c8191137a1f8bb429653ed - 29/10/2023
info: GET en /cart/64c8191137a1f8bb429653ed - 29/10/2023
info: GET en /cart/64c8191137a1f8bb429653ed - 29/10/2023
info: GET en /pago/64c8191137a1f8bb429653ed - 29/10/2023
info: POST en /charge/64c8191237a1f8bb429653ef - 29/10/2023
info: GET en /pago/64c8191137a1f8bb429653ed - 29/10/2023
info: GET en /cart/64c8191137a1f8bb429653ed - 29/10/2023
info: GET en /logout - 29/10/2023
info: GET en /login - 29/10/2023
info: GET en /register - 29/10/2023
info: GET en /login - 29/10/2023
info: POST en /api/sessions/login - 29/10/2023
info: GET en /products - 29/10/2023
info: GET en /logout - 29/10/2023
info: GET en /login - 29/10/2023
info: POST en /api/sessions/login - 29/10/2023
info: GET en /products - 29/10/2023
info: GET en /products?page=2 - 29/10/2023
info: GET en /products?page=1 - 29/10/2023
info: GET en /addProduct - 29/10/2023
info: POST en /api/products - 29/10/2023
info: GET en /addProduct - 29/10/2023
info: GET en /products - 29/10/2023
info: GET en /products?page=2 - 29/10/2023
info: GET en /products?page=3 - 29/10/2023
info: GET en /products?page=2 - 29/10/2023
info: GET en /products?page=3 - 29/10/2023
info: GET en /addProduct - 29/10/2023
info: GET en /products - 29/10/2023
info: GET en /products?page=2 - 29/10/2023
info: GET en /products?page=3 - 29/10/2023
info: GET en /addProduct - 29/10/2023
info: GET en /addProduct - 29/10/2023
info: GET en /addProduct - 29/10/2023
info: POST en /api/products - 29/10/2023
info: GET en /addProduct - 29/10/2023
info: GET en /login - 29/10/2023
info: POST en /api/sessions/login - 29/10/2023
info: GET en /products - 29/10/2023
info: GET en /products?page=2 - 29/10/2023
info: GET en /products?page=3 - 29/10/2023
info: DELETE en /api/products/653ebe5876c75789c4a645f0 - 29/10/2023
info: GET en /products?page=3 - 29/10/2023
info: GET en /logout - 29/10/2023
info: GET en /login - 29/10/2023
info: POST en /api/sessions/login - 29/10/2023
info: GET en /products - 29/10/2023
info: GET en /products?page=2 - 29/10/2023
info: GET en /products?page=3 - 29/10/2023
info: DELETE en /api/products/653ebe5876c75789c4a645f0 - 29/10/2023
info: GET en /products?page=3 - 29/10/2023
info: GET en /product/653ec260fd21672d3b8d4431 - 29/10/2023
info: GET en /addProduct - 29/10/2023
info: GET en /admin - 29/10/2023
info: GET en /products - 29/10/2023
info: GET en /logout - 29/10/2023
info: GET en /login - 29/10/2023
info: POST en /api/sessions/login - 29/10/2023
info: GET en /products - 29/10/2023
info: GET en /profile - 29/10/2023
info: GET en /profile - 29/10/2023
info: GET en /profile - 29/10/2023
info: GET en /products - 29/10/2023
info: GET en /profile - 29/10/2023
info: GET en /profile - 29/10/2023
info: GET en /profile - 29/10/2023
info: GET en /profile - 29/10/2023
info: GET en /profile - 29/10/2023
info: GET en /chat - 29/10/2023
info: GET en /profile - 29/10/2023
info: GET en /profile - 29/10/2023
info: GET en /logout - 29/10/2023
info: GET en /login - 29/10/2023
info: POST en /api/sessions/login - 29/10/2023
info: GET en /products - 29/10/2023
info: GET en /profile - 29/10/2023
info: GET en /logout - 29/10/2023
info: GET en /login - 29/10/2023
info: POST en /api/sessions/login - 29/10/2023
info: GET en /products - 29/10/2023
info: GET en /profile - 29/10/2023
info: GET en /profile - 29/10/2023
info: GET en /products - 29/10/2023
info: GET en /products - 29/10/2023
info: GET en /products - 29/10/2023
info: GET en /products - 29/10/2023
info: GET en /products - 29/10/2023
info: GET en /products - 29/10/2023
info: GET en /logout - 29/10/2023
info: GET en /login - 29/10/2023
info: POST en /api/sessions/login - 29/10/2023
info: GET en /products - 29/10/2023
info: GET en /profile - 29/10/2023
info: GET en /products - 29/10/2023
info: POST en /api/carts/64c8191137a1f8bb429653ed/product/64bfeeb58a816ce2ba5cc21e - 29/10/2023
info: GET en /products - 29/10/2023
info: GET en /cart/64c8191137a1f8bb429653ed - 29/10/2023
info: GET en /pago/64c8191137a1f8bb429653ed - 29/10/2023
info: POST en /charge/64c8191237a1f8bb429653ef - 29/10/2023
info: GET en /cart/64c8191137a1f8bb429653ed - 29/10/2023
info: GET en /products - 29/10/2023
info: GET en /products - 29/10/2023
info: GET en /chat - 29/10/2023
info: GET en /products - 29/10/2023
info: GET en /login - 29/10/2023
info: GET en /profile - 29/10/2023
info: GET en /login - 29/10/2023
info: POST en /api/sessions/login - 29/10/2023
info: GET en /products - 29/10/2023
info: GET en /profile - 29/10/2023
info: GET en /products - 29/10/2023
info: GET en /chat - 29/10/2023
info: GET en /chat - 29/10/2023
info: GET en /chat - 29/10/2023
info: GET en /chat - 29/10/2023
info: GET en /chat - 29/10/2023
info: GET en /cart/64c8191137a1f8bb429653ed - 29/10/2023
info: GET en /cart/64c8191137a1f8bb429653ed - 29/10/2023
info: GET en /products - 29/10/2023
info: GET en /cart/64c8191137a1f8bb429653ed - 29/10/2023
info: GET en /cart/64c8191137a1f8bb429653ed - 29/10/2023
info: GET en /products - 29/10/2023
info: GET en /products - 29/10/2023
info: GET en /profile - 29/10/2023
info: GET en /products - 29/10/2023
info: GET en /products - 29/10/2023
info: GET en /profile - 29/10/2023
info: GET en /chat - 29/10/2023
info: GET en /profile - 29/10/2023
info: GET en /products - 29/10/2023
info: GET en /products - 29/10/2023
info: GET en /products - 29/10/2023
info: GET en /products - 29/10/2023
info: GET en /products - 29/10/2023
info: GET en /products - 29/10/2023
info: GET en /products - 29/10/2023
info: GET en /products - 29/10/2023
info: GET en /products - 29/10/2023
info: GET en /products - 29/10/2023
info: GET en /products - 29/10/2023
info: GET en /products - 29/10/2023
info: GET en /products - 1/11/2023
info: GET en /login - 1/11/2023
info: POST en /api/sessions/login - 1/11/2023
info: GET en /products - 1/11/2023
info: GET en /logout - 1/11/2023
info: GET en /login - 1/11/2023
info: GET en /login - 1/11/2023
info: GET en /login - 1/11/2023
info: GET en /login - 1/11/2023
info: GET en /login - 1/11/2023
info: GET en /login - 1/11/2023
info: GET en /login - 1/11/2023
info: GET en /login - 1/11/2023
info: GET en /login - 1/11/2023
info: GET en /login - 1/11/2023
info: GET en /login - 1/11/2023
info: GET en /cart/ - 1/11/2023
info: GET en /cart/ - 1/11/2023
info: GET en /login - 1/11/2023
info: GET en /profile - 1/11/2023
info: GET en /login - 1/11/2023
info: GET en /profile - 1/11/2023
info: GET en /login - 1/11/2023
info: POST en /api/sessions/login - 1/11/2023
info: GET en /products - 1/11/2023
info: GET en /profile - 1/11/2023
info: GET en /cart/64c8191137a1f8bb429653ed - 1/11/2023
info: GET en /products - 1/11/2023
info: GET en /login - 1/11/2023
info: POST en /api/sessions/login - 1/11/2023
info: GET en /products - 1/11/2023
info: GET en /products - 1/11/2023
info: GET en /login - 1/11/2023
info: POST en /api/sessions/login - 1/11/2023
info: GET en /products - 1/11/2023
info: GET en /products - 1/11/2023
info: GET en /products - 1/11/2023
info: GET en /product/64bf38eae2acf4b1b442b997 - 1/11/2023
info: GET en /product/64bf38eae2acf4b1b442b997 - 1/11/2023
info: GET en /product/64bf38eae2acf4b1b442b997 - 1/11/2023
info: GET en /product/64bf38eae2acf4b1b442b997 - 1/11/2023
info: GET en /product/64bf38eae2acf4b1b442b997 - 1/11/2023
info: GET en /product/64bf38eae2acf4b1b442b997 - 1/11/2023
info: GET en /products - 1/11/2023
info: GET en /products - 1/11/2023
info: GET en /login - 1/11/2023
info: POST en /api/sessions/login - 1/11/2023
info: GET en /products - 1/11/2023
info: GET en /products - 1/11/2023
info: GET en /products - 1/11/2023
info: GET en /products - 1/11/2023
info: GET en /product/64bf38eae2acf4b1b442b997 - 1/11/2023
info: GET en /products - 1/11/2023
info: GET en /products?page=2 - 1/11/2023
info: GET en /products?page=1 - 1/11/2023
info: GET en /products?page=1 - 1/11/2023
info: GET en /products?page=1 - 1/11/2023
info: GET en /products?page=1 - 1/11/2023
info: GET en /products?page=1 - 1/11/2023
info: GET en /products?page=1 - 1/11/2023
info: GET en /products?page=2 - 1/11/2023
info: GET en /products - 1/11/2023
info: GET en /products?page=2 - 1/11/2023
info: GET en /products?page=3 - 1/11/2023
info: GET en /products?page=3 - 1/11/2023
info: GET en /products?page=2 - 1/11/2023
info: GET en /products?page=1 - 1/11/2023
info: GET en /products?page=1 - 1/11/2023
info: GET en /logout - 1/11/2023
info: GET en /login - 1/11/2023
info: POST en /api/sessions/login - 1/11/2023
info: GET en /products - 1/11/2023
info: GET en /addProduct - 1/11/2023
info: GET en /products - 1/11/2023
info: GET en /addProduct - 1/11/2023
info: GET en /addProduct - 1/11/2023
info: GET en /addProduct - 1/11/2023
info: GET en /addProduct - 1/11/2023
info: GET en /addProduct - 1/11/2023
info: GET en /addProduct - 1/11/2023
info: GET en /addProduct - 1/11/2023
info: GET en /addProduct - 1/11/2023
info: GET en /products - 1/11/2023
info: GET en /login - 1/11/2023
info: POST en /api/sessions/login - 1/11/2023
info: GET en /products - 1/11/2023
info: GET en /addProduct - 1/11/2023
info: GET en /addProduct - 1/11/2023
info: GET en /addProduct - 1/11/2023
info: GET en /addProduct - 1/11/2023
info: GET en /addProduct - 1/11/2023
info: GET en /addProduct - 1/11/2023
info: GET en /addProduct - 1/11/2023
info: GET en /products - 1/11/2023
info: GET en /logout - 1/11/2023
info: GET en /login - 1/11/2023
info: GET en /login - 1/11/2023
info: GET en /register - 1/11/2023
info: GET en /register - 1/11/2023
info: GET en /register - 1/11/2023
info: GET en /register - 1/11/2023
info: GET en /register - 1/11/2023
info: GET en /register - 1/11/2023
info: GET en /register - 1/11/2023
info: GET en /register - 1/11/2023
info: GET en /register - 1/11/2023
info: GET en /login - 1/11/2023
info: GET en /solicitud - 1/11/2023
info: GET en /solicitud - 1/11/2023
info: GET en /solicitud - 1/11/2023
info: GET en /solicitud - 1/11/2023
info: GET en /solicitud - 1/11/2023
info: GET en /solicitud - 1/11/2023
info: GET en /solicitud - 1/11/2023
info: GET en /solicitud - 1/11/2023
info: GET en /solicitud - 1/11/2023
info: GET en /solicitud - 1/11/2023
info: GET en /solicitud - 1/11/2023
info: GET en /solicitud - 1/11/2023
info: GET en /solicitud - 1/11/2023
info: GET en /solicitud - 1/11/2023
info: GET en /solicitud - 1/11/2023
info: GET en /solicitud - 1/11/2023
info: GET en /solicitud - 1/11/2023
info: GET en /solicitud - 1/11/2023
info: GET en /solicitud - 1/11/2023
info: GET en /solicitud - 1/11/2023
info: GET en /solicitud - 1/11/2023
info: GET en /cart/ - 1/11/2023
info: GET en /profile - 1/11/2023
info: GET en /login - 1/11/2023
info: GET en /products - 1/11/2023
info: GET en /login - 1/11/2023
info: GET en /cart/ - 1/11/2023
info: GET en /chat - 1/11/2023
info: GET en /profile - 1/11/2023
info: GET en /login - 1/11/2023
info: GET en /login - 1/11/2023
info: GET en /products - 1/11/2023
info: GET en /login - 1/11/2023
info: GET en /solicitud - 1/11/2023
info: GET en /cart/ - 1/11/2023
info: GET en /profile - 1/11/2023
info: GET en /login - 1/11/2023
info: GET en /chat - 1/11/2023
info: GET en /products - 1/11/2023
info: GET en /login - 1/11/2023
info: POST en /api/sessions/solicitar - 1/11/2023
info: GET en /login - 1/11/2023
info: GET en /cart/ - 1/11/2023
info: GET en /cart/ - 1/11/2023
info: GET en /profile - 1/11/2023
info: GET en /login - 1/11/2023
info: GET en /products - 1/11/2023
info: GET en /login - 1/11/2023
info: GET en /profile - 1/11/2023
info: GET en /login - 1/11/2023
info: GET en /chat - 1/11/2023
info: GET en /login - 1/11/2023
info: GET en /solicitud - 1/11/2023
info: GET en /register - 1/11/2023
info: GET en /login - 1/11/2023
info: POST en /api/sessions/login - 1/11/2023
info: GET en /products - 1/11/2023
info: GET en /cart/64c8191137a1f8bb429653ed - 1/11/2023
info: DELETE en /api/carts/64c8191137a1f8bb429653ed/products/653ecf475444597681409908 - 1/11/2023
info: GET en /cart/64c8191137a1f8bb429653ed - 1/11/2023
info: GET en /pago/64c8191137a1f8bb429653ed - 1/11/2023
info: POST en /charge/64c8191237a1f8bb429653ef - 1/11/2023
info: GET en /pago/64c8191137a1f8bb429653ed - 1/11/2023
info: GET en /cart/64c8191137a1f8bb429653ed - 1/11/2023
info: GET en /chat - 1/11/2023
info: GET en /profile - 1/11/2023
info: GET en /products - 1/11/2023
info: GET en /products - 1/11/2023
info: GET en /products - 1/11/2023
info: GET en / - 5/11/2023
info: GET en /login - 5/11/2023
info: GET en /favicon.ico - 5/11/2023
info: POST en /api/sessions/login - 5/11/2023
info: GET en /products - 5/11/2023
info: GET en /cart/64c8191137a1f8bb429653ed - 5/11/2023
info: GET en /cart/64c8191137a1f8bb429653ed - 5/11/2023
info: GET en /cart/64c8191137a1f8bb429653ed - 5/11/2023
info: GET en /cart/64c8191137a1f8bb429653ed - 5/11/2023
info: GET en /profile - 5/11/2023
info: GET en /cart/64c8191137a1f8bb429653ed - 5/11/2023
info: POST en /api/carts/64c8191137a1f8bb429653ed/product/64bf3997e2acf4b1b442b99a - 5/11/2023
info: GET en /cart/64c8191137a1f8bb429653ed - 5/11/2023
info: GET en /pago/64c8191137a1f8bb429653ed - 5/11/2023
info: GET en /pago/64c8191137a1f8bb429653ed - 5/11/2023
info: GET en /login - 5/11/2023
info: POST en /api/sessions/login - 5/11/2023
info: GET en /products - 5/11/2023
info: GET en /cart/64c8191137a1f8bb429653ed - 5/11/2023
info: GET en /pago/64c8191137a1f8bb429653ed - 5/11/2023
info: POST en /charge/64c8191237a1f8bb429653ef - 5/11/2023
info: GET en /cart/64c8191137a1f8bb429653ed - 5/11/2023
info: GET en /login - 5/11/2023
info: POST en /api/sessions/login - 5/11/2023
info: GET en /products - 5/11/2023
info: GET en /cart/64c8191137a1f8bb429653ed - 5/11/2023
info: GET en /pago/64c8191137a1f8bb429653ed - 5/11/2023
info: POST en /charge/64c8191237a1f8bb429653ef - 5/11/2023
info: GET en /cart/64c8191137a1f8bb429653ed - 5/11/2023
info: GET en /pago/64c8191137a1f8bb429653ed - 5/11/2023
info: POST en /charge/64c8191237a1f8bb429653ef - 5/11/2023
info: POST en /charge/64c8191237a1f8bb429653ef - 5/11/2023
info: POST en /charge/64c8191237a1f8bb429653ef - 5/11/2023
info: POST en /api/ticket/64c8191237a1f8bb429653ef/purchase - 5/11/2023
info: GET en /ticket/616172 - 5/11/2023
info: GET en /ticket/616172 - 5/11/2023
info: GET en /ticket/616172 - 5/11/2023
info: GET en /products - 5/11/2023
info: GET en /cart/64c8191137a1f8bb429653ed - 5/11/2023
info: GET en /cart/64c8191137a1f8bb429653ed - 5/11/2023
info: GET en /logout - 5/11/2023
info: GET en /login - 5/11/2023
info: POST en /api/sessions/login - 5/11/2023
info: GET en /products - 5/11/2023
info: GET en /logout - 6/11/2023
info: GET en /login - 6/11/2023
info: POST en /api/sessions/login - 6/11/2023
info: GET en /products - 6/11/2023
info: GET en /cart/64f07abb816596fcedb7a7c0 - 6/11/2023
info: GET en /pago/64f07abb816596fcedb7a7c0 - 6/11/2023
info: DELETE en /api/carts/64f07abb816596fcedb7a7c0/products/653eac7dc2d32afd274bdd90 - 6/11/2023
info: GET en /cart/64f07abb816596fcedb7a7c0 - 6/11/2023
info: GET en /pago/64f07abb816596fcedb7a7c0 - 6/11/2023
info: GET en /pago/64f07abb816596fcedb7a7c0 - 6/11/2023
info: GET en /products - 6/11/2023
info: GET en /logout - 6/11/2023
info: GET en /login - 6/11/2023
info: POST en /api/sessions/login - 6/11/2023
info: GET en /products - 6/11/2023
info: GET en /logout - 6/11/2023
info: GET en /login - 6/11/2023
info: POST en /api/sessions/login - 6/11/2023
info: GET en /products - 6/11/2023
info: GET en /logout - 6/11/2023
info: GET en /login - 6/11/2023
info: GET en /solicitud - 6/11/2023
info: POST en /api/sessions/solicitar - 6/11/2023
info: GET en /login - 6/11/2023
info: POST en /api/sessions/login - 6/11/2023
info: GET en /products - 6/11/2023
info: POST en /api/carts/64c8191137a1f8bb429653ed/product/64bf38eae2acf4b1b442b997 - 6/11/2023
info: POST en /api/carts/64c8191137a1f8bb429653ed/product/64bf3997e2acf4b1b442b99a - 6/11/2023
info: GET en /cart/64c8191137a1f8bb429653ed - 6/11/2023
info: GET en /pago/64c8191137a1f8bb429653ed - 6/11/2023
info: POST en /charge/64c8191237a1f8bb429653ef - 6/11/2023
info: POST en /api/ticket/64c8191237a1f8bb429653ef/purchase - 6/11/2023
info: GET en /ticket/345256 - 6/11/2023
info: GET en /logout - 6/11/2023
info: GET en /login - 6/11/2023
info: GET en /solicitud - 6/11/2023
info: POST en /api/sessions/solicitar - 6/11/2023
info: GET en /login - 6/11/2023
info: GET en /solicitud - 6/11/2023
info: POST en /api/sessions/solicitar - 6/11/2023
info: GET en /login - 6/11/2023
info: POST en /api/sessions/login - 6/11/2023
info: GET en /products - 6/11/2023
info: GET en /cart/64c8191137a1f8bb429653ed - 6/11/2023
info: GET en /products - 6/11/2023
info: POST en /api/carts/64c8191137a1f8bb429653ed/product/64bf398de2acf4b1b442b999 - 6/11/2023
info: POST en /api/carts/64c8191137a1f8bb429653ed/product/64bf39b7e2acf4b1b442b99d - 6/11/2023
info: GET en /cart/64c8191137a1f8bb429653ed - 6/11/2023
info: GET en /pago/64c8191137a1f8bb429653ed - 6/11/2023
info: POST en /charge/64c8191237a1f8bb429653ef - 6/11/2023
info: POST en /api/ticket/64c8191237a1f8bb429653ef/purchase - 6/11/2023
info: GET en /ticket/835437 - 6/11/2023
info: GET en /ticket/835437 - 6/11/2023
info: GET en /logout - 6/11/2023
info: GET en /login - 6/11/2023
info: POST en /api/sessions/login - 6/11/2023
info: GET en /register - 6/11/2023
info: POST en /api/sessions/register - 6/11/2023
info: GET en /login - 6/11/2023
info: POST en /api/sessions/login - 6/11/2023
info: GET en /products - 6/11/2023
info: GET en /cart/6548eb28e82da2173328dc8e - 6/11/2023
info: GET en /products - 6/11/2023
info: POST en /api/carts/6548eb28e82da2173328dc8e/product/64bf3983e2acf4b1b442b998 - 6/11/2023
info: POST en /api/carts/6548eb28e82da2173328dc8e/product/64bf39b7e2acf4b1b442b99d - 6/11/2023
info: GET en /cart/6548eb28e82da2173328dc8e - 6/11/2023
info: POST en /api/carts - 8/11/2023
info: POST en /api/products - 8/11/2023
info: PUT en /api/products/654bb9674fa074ccd498c52b - 8/11/2023
info: DELETE en /api/products/654bb9674fa074ccd498c52b - 8/11/2023
info: POST en /api/sessions/register - 8/11/2023
info: POST en /api/sessions/login - 8/11/2023
info: POST en /api/sessions/logout - 8/11/2023
info: POST en /api/carts - 8/11/2023
info: POST en /api/products - 8/11/2023
info: POST en /api/sessions/register - 8/11/2023
info: POST en /api/sessions/login - 8/11/2023
info: POST en /api/sessions/logout - 8/11/2023
info: GET en /products - 8/11/2023
info: GET en /login - 8/11/2023
info: POST en /api/sessions/login - 8/11/2023
info: GET en /products - 8/11/2023
info: GET en /products - 8/11/2023
info: GET en /cart/6548eb28e82da2173328dc8e - 8/11/2023
info: GET en /chat - 8/11/2023
info: GET en /profile - 8/11/2023
info: GET en /logout - 8/11/2023
info: GET en /login - 8/11/2023
info: POST en /api/sessions/login - 8/11/2023
info: GET en /products - 8/11/2023
info: GET en /products - 8/11/2023
info: GET en /chat - 8/11/2023
info: GET en /profile - 8/11/2023
info: GET en /products - 8/11/2023
info: GET en /login - 8/11/2023
info: GET en /cart/ - 8/11/2023
info: POST en /api/sessions/login - 8/11/2023
info: GET en /products - 8/11/2023
info: GET en /profile - 8/11/2023
info: GET en /profile - 8/11/2023
info: GET en /login - 8/11/2023
info: POST en /api/sessions/login - 8/11/2023
info: GET en /products - 8/11/2023
info: GET en /products - 8/11/2023
info: GET en /products - 8/11/2023
info: GET en /logout - 8/11/2023
info: GET en /login - 8/11/2023
info: POST en /api/sessions/login - 8/11/2023
info: GET en /products - 8/11/2023
